app/build/outputs/logs/manifest-merger-debug-report.txt
-- Merging decision tree log ---
manifest
ADDED from src/main/AndroidManifest.xml:1:1-33:12
	package
		ADDED from src/main/AndroidManifest.xml:2:9-36
		INJECTED from src/main/AndroidManifest.xml
		INJECTED from src/main/AndroidManifest.xml
	android:versionName
		INJECTED from src/main/AndroidManifest.xml
		INJECTED from src/main/AndroidManifest.xml
	xmlns:android
		ADDED from src/main/AndroidManifest.xml:1:11-69
	android:versionCode
		INJECTED from src/main/AndroidManifest.xml
		INJECTED from src/main/AndroidManifest.xml
uses-permission#android.permission.INTERNET
ADDED from src/main/AndroidManifest.xml:4:2-63
	android:name
		ADDED from src/main/AndroidManifest.xml:4:19-61
application
ADDED from src/main/AndroidManifest.xml:6:5-31:19
	android:label
		ADDED from src/main/AndroidManifest.xml:7:9-32
	android:allowBackup
		ADDED from src/main/AndroidManifest.xml:6:18-44
	android:icon
		ADDED from src/main/AndroidManifest.xml:8:9-42
	android:theme
		ADDED from src/main/AndroidManifest.xml:9:9-40
activity#com.my.newproject.MainActivity
ADDED from src/main/AndroidManifest.xml:11:4-21:15
	android:screenOrientation
		ADDED from src/main/AndroidManifest.xml:14:5-41
	android:windowSoftInputMode
		ADDED from src/main/AndroidManifest.xml:15:5-46
	android:configChanges
		ADDED from src/main/AndroidManifest.xml:13:5-51
	android:name
		ADDED from src/main/AndroidManifest.xml:12:5-33
intent-filter#android.intent.action.MAIN+android.intent.category.LAUNCHER
ADDED from src/main/AndroidManifest.xml:17:5-20:21
action#android.intent.action.MAIN
ADDED from src/main/AndroidManifest.xml:18:6-57
	android:name
		ADDED from src/main/AndroidManifest.xml:18:14-55
category#android.intent.category.LAUNCHER
ADDED from src/main/AndroidManifest.xml:19:6-65
	android:name
		ADDED from src/main/AndroidManifest.xml:19:16-63
activity#com.my.newproject.Screen2Activity
ADDED from src/main/AndroidManifest.xml:22:4-24:85
	android:screenOrientation
		ADDED from src/main/AndroidManifest.xml:24:5-41
	android:windowSoftInputMode
		ADDED from src/main/AndroidManifest.xml:24:42-83
	android:configChanges
		ADDED from src/main/AndroidManifest.xml:23:37-83
	android:name
		ADDED from src/main/AndroidManifest.xml:23:5-36
activity#com.my.newproject.EbooksActivity
ADDED from src/main/AndroidManifest.xml:25:4-27:48
	android:windowSoftInputMode
		ADDED from src/main/AndroidManifest.xml:27:5-46
	android:configChanges
		ADDED from src/main/AndroidManifest.xml:26:36-82
	android:name
		ADDED from src/main/AndroidManifest.xml:26:5-35
activity#com.my.newproject.SplashActivity
ADDED from src/main/AndroidManifest.xml:28:4-30:119
	android:screenOrientation
		ADDED from src/main/AndroidManifest.xml:30:39-75
	android:windowSoftInputMode
		ADDED from src/main/AndroidManifest.xml:30:76-117
	android:configChanges
		ADDED from src/main/AndroidManifest.xml:29:36-82
	android:theme
		ADDED from src/main/AndroidManifest.xml:30:5-38
	android:name
		ADDED from src/main/AndroidManifest.xml:29:5-35
uses-sdk
INJECTED from src/main/AndroidManifest.xml reason: use-sdk injection requested
	android:targetSdkVersion
		INJECTED from src/main/AndroidManifest.xml
		INJECTED from src/main/AndroidManifest.xml
	android:minSdkVersion
		INJECTED from src/main/AndroidManifest.xml
		INJECTED from src/main/AndroidManifest.xml